Operating system: Microsoft Windows NT 6.2.9200.0
Opening INI file "C:\Users\sebll\Downloads\sanic poopy MAIN\Sonic 1 2005 INIs\SonLVL.ini"...
Game type is S1.
Loading Labyrinth Zone Act 1...
Loading 8x8 tiles from file "../artnem/8x8lz.bin", using compression Nemesis...
Loading 16x16 blocks from file "../map16/lz.bin", using compression Enigma...
Loading 256x256 chunks from file "../map256/lz.bin", using compression Kosinski...
Loading FG layout from file "../levels/lz1.bin", using compression Uncompressed...
Loading BG layout from file "../levels/lzbg.bin", using compression Uncompressed...
Loading palette file "../pallet/sonic.bin"...
Source: 0 Destination: 0 Length: 16
Loading palette file "../pallet/lz.bin"...
Source: 0 Destination: 16 Length: 48
Loading FG layout from file "../levels/lz2.bin", using compression Uncompressed...
Loading FG layout from file "../levels/lz3.bin", using compression Uncompressed...
Loading FG layout from file "../levels/sbz3.bin", using compression Uncompressed...
System.AggregateException: One or more errors occurred. ---> System.IndexOutOfRangeException: Index was outside the bounds of the array.
   at SonicRetro.SonLVL.API.LevelData.LoadLevelPalette() in E:\Programs\SonLVL\SonLVLAPI\LevelData.cs:line 672
   at System.Threading.Tasks.Task.InnerInvoke()
   at System.Threading.Tasks.Task.Execute()
   --- End of inner exception stack trace ---
   at System.Threading.Tasks.Task.WaitAll(Task[] tasks, Int32 millisecondsTimeout, CancellationToken cancellationToken)
   at System.Threading.Tasks.Task.WaitAll(Task[] tasks, Int32 millisecondsTimeout)
   at System.Threading.Tasks.Parallel.Invoke(ParallelOptions parallelOptions, Action[] actions)
   at System.Threading.Tasks.Parallel.Invoke(Action[] actions)
   at SonicRetro.SonLVL.API.LevelData.LoadLevel(String levelname, Boolean loadGraphics) in E:\Programs\SonLVL\SonLVLAPI\LevelData.cs:line 179
   at SonicRetro.SonLVL.GUI.MainForm.backgroundLevelLoader_DoWork(Object sender, DoWorkEventArgs e) in E:\Programs\SonLVL\SonLVL\MainForm.cs:line 574
---> (Inner Exception #0) System.IndexOutOfRangeException: Index was outside the bounds of the array.
   at SonicRetro.SonLVL.API.LevelData.LoadLevelPalette() in E:\Programs\SonLVL\SonLVLAPI\LevelData.cs:line 672
   at System.Threading.Tasks.Task.InnerInvoke()
   at System.Threading.Tasks.Task.Execute()<---

Loading Labyrinth Zone Act 1...
Loading 8x8 tiles from file "../artnem/8x8lz.bin", using compression Nemesis...
Loading 16x16 blocks from file "../map16/lz.bin", using compression Enigma...
Loading 256x256 chunks from file "../map256/lz.bin", using compression Kosinski...
Loading FG layout from file "../levels/lz1.bin", using compression Uncompressed...
Loading BG layout from file "../levels/lzbg.bin", using compression Uncompressed...
Loading palette file "../pallet/sonic.bin"...
Source: 0 Destination: 0 Length: 16
Loading palette file "../pallet/lz.bin"...
Source: 0 Destination: 16 Length: 48
Loading FG layout from file "../levels/lz2.bin", using compression Uncompressed...
Loading FG layout from file "../levels/lz3.bin", using compression Uncompressed...
Loading FG layout from file "../levels/sbz3.bin", using compression Uncompressed...
System.AggregateException: One or more errors occurred. ---> System.IndexOutOfRangeException: Index was outside the bounds of the array.
   at SonicRetro.SonLVL.API.LevelData.LoadLevelPalette() in E:\Programs\SonLVL\SonLVLAPI\LevelData.cs:line 672
   at System.Threading.Tasks.Task.InnerInvoke()
   at System.Threading.Tasks.Task.Execute()
   --- End of inner exception stack trace ---
   at System.Threading.Tasks.Task.WaitAll(Task[] tasks, Int32 millisecondsTimeout, CancellationToken cancellationToken)
   at System.Threading.Tasks.Task.WaitAll(Task[] tasks, Int32 millisecondsTimeout)
   at System.Threading.Tasks.Parallel.Invoke(ParallelOptions parallelOptions, Action[] actions)
   at System.Threading.Tasks.Parallel.Invoke(Action[] actions)
   at SonicRetro.SonLVL.API.LevelData.LoadLevel(String levelname, Boolean loadGraphics) in E:\Programs\SonLVL\SonLVLAPI\LevelData.cs:line 179
   at SonicRetro.SonLVL.GUI.MainForm.backgroundLevelLoader_DoWork(Object sender, DoWorkEventArgs e) in E:\Programs\SonLVL\SonLVL\MainForm.cs:line 574
---> (Inner Exception #0) System.IndexOutOfRangeException: Index was outside the bounds of the array.
   at SonicRetro.SonLVL.API.LevelData.LoadLevelPalette() in E:\Programs\SonLVL\SonLVLAPI\LevelData.cs:line 672
   at System.Threading.Tasks.Task.InnerInvoke()
   at System.Threading.Tasks.Task.Execute()<---

Opening INI file "C:\Users\sebll\Downloads\sanic poopy MAIN\Sonic 1 2005 INIs\SonLVL.ini"...
Game type is S1.
Loading Labyrinth Zone Act 1...
Loading 256x256 chunks from file "../map256/lz.bin", using compression Kosinski...
Loading FG layout from file "../levels/lz1.bin", using compression Uncompressed...
Loading 8x8 tiles from file "../artnem/8x8lz.bin", using compression Nemesis...
Loading 16x16 blocks from file "../map16/lz.bin", using compression Enigma...
Loading palette file "../pallet/sonic.bin"...
Source: 0 Destination: 0 Length: 16
Loading palette file "../pallet/lz.bin"...
Source: 0 Destination: 16 Length: 48
Loading BG layout from file "../levels/lzbg.bin", using compression Uncompressed...
Loading FG layout from file "../levels/lz2.bin", using compression Uncompressed...
Loading FG layout from file "../levels/lz3.bin", using compression Uncompressed...
Loading FG layout from file "../levels/sbz3.bin", using compression Uncompressed...
System.AggregateException: One or more errors occurred. ---> System.IndexOutOfRangeException: Index was outside the bounds of the array.
   at SonicRetro.SonLVL.API.LevelData.LoadLevelPalette() in E:\Programs\SonLVL\SonLVLAPI\LevelData.cs:line 672
   at System.Threading.Tasks.Task.InnerInvoke()
   at System.Threading.Tasks.Task.Execute()
   --- End of inner exception stack trace ---
   at System.Threading.Tasks.Task.WaitAll(Task[] tasks, Int32 millisecondsTimeout, CancellationToken cancellationToken)
   at System.Threading.Tasks.Task.WaitAll(Task[] tasks, Int32 millisecondsTimeout)
   at System.Threading.Tasks.Parallel.Invoke(ParallelOptions parallelOptions, Action[] actions)
   at System.Threading.Tasks.Parallel.Invoke(Action[] actions)
   at SonicRetro.SonLVL.API.LevelData.LoadLevel(String levelname, Boolean loadGraphics) in E:\Programs\SonLVL\SonLVLAPI\LevelData.cs:line 179
   at SonicRetro.SonLVL.GUI.MainForm.backgroundLevelLoader_DoWork(Object sender, DoWorkEventArgs e) in E:\Programs\SonLVL\SonLVL\MainForm.cs:line 574
---> (Inner Exception #0) System.IndexOutOfRangeException: Index was outside the bounds of the array.
   at SonicRetro.SonLVL.API.LevelData.LoadLevelPalette() in E:\Programs\SonLVL\SonLVLAPI\LevelData.cs:line 672
   at System.Threading.Tasks.Task.InnerInvoke()
   at System.Threading.Tasks.Task.Execute()<---

